[2025-04-23T13:12:59.223Z] [31MERROR[39M: uncaughtException: 
Invalid `prisma.cart.delete()` invocation in
/home/abdelrahman-aboalkhair/Projects/WEB/code/full-stack-ecommerce/server/src/modules/cart/cart.repository.ts:87:29

  84     });
  85   }
  86 }
тЖТ 87 await prisma.cart.delete(
Foreign key constraint violated: `CartEvent_cartId_fkey (index)`
PrismaClientKnownRequestError: 
Invalid `prisma.cart.delete()` invocation in
/home/abdelrahman-aboalkhair/Projects/WEB/code/full-stack-ecommerce/server/src/modules/cart/cart.repository.ts:87:29

  84     });
  85   }
  86 }
тЖТ 87 await prisma.cart.delete(
Foreign key constraint violated: `CartEvent_cartId_fkey (index)`
    at zn.handleRequestError (/home/abdelrahman-aboalkhair/Projects/WEB/code/full-stack-ecommerce/server/node_modules/@prisma/client/runtime/library.js:121:7459)
    at zn.handleAndLogRequestError (/home/abdelrahman-aboalkhair/Projects/WEB/code/full-stack-ecommerce/server/node_modules/@prisma/client/runtime/library.js:121:6784)
    at zn.request (/home/abdelrahman-aboalkhair/Projects/WEB/code/full-stack-ecommerce/server/node_modules/@prisma/client/runtime/library.js:121:6491)
    at async l (/home/abdelrahman-aboalkhair/Projects/WEB/code/full-stack-ecommerce/server/node_modules/@prisma/client/runtime/library.js:130:9778)
[2025-04-23T21:59:53.705Z] [31MERROR[39M: uncaughtException: Unknown type "DateTime".

Unknown type "DateTime".
Error: Unknown type "DateTime".

Unknown type "DateTime".
    at assertValidSDL (/home/abdelrahman-aboalkhair/Projects/WEB/code/full-stack-ecommerce/server/node_modules/graphql/validation/validate.js:135:11)
    at buildASTSchema (/home/abdelrahman-aboalkhair/Projects/WEB/code/full-stack-ecommerce/server/node_modules/graphql/utilities/buildASTSchema.js:44:34)
    at makeExecutableSchema (/home/abdelrahman-aboalkhair/Projects/WEB/code/full-stack-ecommerce/server/node_modules/@graphql-tools/schema/cjs/makeExecutableSchema.js:73:47)
    at Object.<anonymous> (/home/abdelrahman-aboalkhair/Projects/WEB/code/full-stack-ecommerce/server/src/modules/product/graphql/schema.ts:81:50)
    at Module._compile (node:internal/modules/cjs/loader:1723:14)
    at Module.m._compile (/home/abdelrahman-aboalkhair/Projects/WEB/code/full-stack-ecommerce/server/node_modules/ts-node/src/index.ts:1618:23)
    at loadTS (node:internal/modules/cjs/loader:1815:10)
    at Object.require.extensions.<computed> [as .ts] (/home/abdelrahman-aboalkhair/Projects/WEB/code/full-stack-ecommerce/server/node_modules/ts-node/src/index.ts:1621:12)
    at Module.load (node:internal/modules/cjs/loader:1458:32)
    at Function._load (node:internal/modules/cjs/loader:1275:12)
    at TracingChannel.traceSync (node:diagnostics_channel:322:14)
    at wrapModuleLoad (node:internal/modules/cjs/loader:234:24)
    at Module.require (node:internal/modules/cjs/loader:1480:12)
    at require (node:internal/modules/helpers:135:16)
    at Object.<anonymous> (/home/abdelrahman-aboalkhair/Projects/WEB/code/full-stack-ecommerce/server/src/graphql/v1/schema.ts:2:1)
    at Module._compile (node:internal/modules/cjs/loader:1723:14)
[2025-04-23T22:00:07.384Z] [31MERROR[39M: uncaughtException: Unknown type "DateTime".

Unknown type "DateTime".

Unknown type "DateTime".

Unknown type "DateTime".

Unknown type "DateTime".

Unknown type "DateTime".

Unknown type "InventorySummary".
Error: Unknown type "DateTime".

Unknown type "DateTime".

Unknown type "DateTime".

Unknown type "DateTime".

Unknown type "DateTime".

Unknown type "DateTime".

Unknown type "InventorySummary".
    at assertValidSDL (/home/abdelrahman-aboalkhair/Projects/WEB/code/full-stack-ecommerce/server/node_modules/graphql/validation/validate.js:135:11)
    at buildASTSchema (/home/abdelrahman-aboalkhair/Projects/WEB/code/full-stack-ecommerce/server/node_modules/graphql/utilities/buildASTSchema.js:44:34)
    at makeExecutableSchema (/home/abdelrahman-aboalkhair/Projects/WEB/code/full-stack-ecommerce/server/node_modules/@graphql-tools/schema/cjs/makeExecutableSchema.js:73:47)
    at Object.<anonymous> (/home/abdelrahman-aboalkhair/Projects/WEB/code/full-stack-ecommerce/server/src/modules/product/graphql/schema.ts:88:50)
    at Module._compile (node:internal/modules/cjs/loader:1723:14)
    at Module.m._compile (/home/abdelrahman-aboalkhair/Projects/WEB/code/full-stack-ecommerce/server/node_modules/ts-node/src/index.ts:1618:23)
    at loadTS (node:internal/modules/cjs/loader:1815:10)
    at Object.require.extensions.<computed> [as .ts] (/home/abdelrahman-aboalkhair/Projects/WEB/code/full-stack-ecommerce/server/node_modules/ts-node/src/index.ts:1621:12)
    at Module.load (node:internal/modules/cjs/loader:1458:32)
    at Function._load (node:internal/modules/cjs/loader:1275:12)
    at TracingChannel.traceSync (node:diagnostics_channel:322:14)
    at wrapModuleLoad (node:internal/modules/cjs/loader:234:24)
    at Module.require (node:internal/modules/cjs/loader:1480:12)
    at require (node:internal/modules/helpers:135:16)
    at Object.<anonymous> (/home/abdelrahman-aboalkhair/Projects/WEB/code/full-stack-ecommerce/server/src/graphql/v1/schema.ts:2:1)
    at Module._compile (node:internal/modules/cjs/loader:1723:14)
[2025-04-23T22:00:40.657Z] [31MERROR[39M: uncaughtException: Unknown type "DateTime".

Unknown type "DateTime".

Unknown type "DateTime".

Unknown type "DateTime".

Unknown type "DateTime".

Unknown type "DateTime".
Error: Unknown type "DateTime".

Unknown type "DateTime".

Unknown type "DateTime".

Unknown type "DateTime".

Unknown type "DateTime".

Unknown type "DateTime".
    at assertValidSDL (/home/abdelrahman-aboalkhair/Projects/WEB/code/full-stack-ecommerce/server/node_modules/graphql/validation/validate.js:135:11)
    at buildASTSchema (/home/abdelrahman-aboalkhair/Projects/WEB/code/full-stack-ecommerce/server/node_modules/graphql/utilities/buildASTSchema.js:44:34)
    at makeExecutableSchema (/home/abdelrahman-aboalkhair/Projects/WEB/code/full-stack-ecommerce/server/node_modules/@graphql-tools/schema/cjs/makeExecutableSchema.js:73:47)
    at Object.<anonymous> (/home/abdelrahman-aboalkhair/Projects/WEB/code/full-stack-ecommerce/server/src/modules/product/graphql/schema.ts:94:50)
    at Module._compile (node:internal/modules/cjs/loader:1723:14)
    at Module.m._compile (/home/abdelrahman-aboalkhair/Projects/WEB/code/full-stack-ecommerce/server/node_modules/ts-node/src/index.ts:1618:23)
    at loadTS (node:internal/modules/cjs/loader:1815:10)
    at Object.require.extensions.<computed> [as .ts] (/home/abdelrahman-aboalkhair/Projects/WEB/code/full-stack-ecommerce/server/node_modules/ts-node/src/index.ts:1621:12)
    at Module.load (node:internal/modules/cjs/loader:1458:32)
    at Function._load (node:internal/modules/cjs/loader:1275:12)
    at TracingChannel.traceSync (node:diagnostics_channel:322:14)
    at wrapModuleLoad (node:internal/modules/cjs/loader:234:24)
    at Module.require (node:internal/modules/cjs/loader:1480:12)
    at require (node:internal/modules/helpers:135:16)
    at Object.<anonymous> (/home/abdelrahman-aboalkhair/Projects/WEB/code/full-stack-ecommerce/server/src/graphql/v1/schema.ts:2:1)
    at Module._compile (node:internal/modules/cjs/loader:1723:14)
[2025-04-23T22:00:47.998Z] [31MERROR[39M: uncaughtException: Unknown type "DateTime".

Unknown type "DateTime".

Unknown type "DateTime".

Unknown type "DateTime".

Unknown type "DateTime".

Unknown type "DateTime".
Error: Unknown type "DateTime".

Unknown type "DateTime".

Unknown type "DateTime".

Unknown type "DateTime".

Unknown type "DateTime".

Unknown type "DateTime".
    at assertValidSDL (/home/abdelrahman-aboalkhair/Projects/WEB/code/full-stack-ecommerce/server/node_modules/graphql/validation/validate.js:135:11)
    at buildASTSchema (/home/abdelrahman-aboalkhair/Projects/WEB/code/full-stack-ecommerce/server/node_modules/graphql/utilities/buildASTSchema.js:44:34)
    at makeExecutableSchema (/home/abdelrahman-aboalkhair/Projects/WEB/code/full-stack-ecommerce/server/node_modules/@graphql-tools/schema/cjs/makeExecutableSchema.js:73:47)
    at Object.<anonymous> (/home/abdelrahman-aboalkhair/Projects/WEB/code/full-stack-ecommerce/server/src/modules/product/graphql/schema.ts:99:50)
    at Module._compile (node:internal/modules/cjs/loader:1723:14)
    at Module.m._compile (/home/abdelrahman-aboalkhair/Projects/WEB/code/full-stack-ecommerce/server/node_modules/ts-node/src/index.ts:1618:23)
    at loadTS (node:internal/modules/cjs/loader:1815:10)
    at Object.require.extensions.<computed> [as .ts] (/home/abdelrahman-aboalkhair/Projects/WEB/code/full-stack-ecommerce/server/node_modules/ts-node/src/index.ts:1621:12)
    at Module.load (node:internal/modules/cjs/loader:1458:32)
    at Function._load (node:internal/modules/cjs/loader:1275:12)
    at TracingChannel.traceSync (node:diagnostics_channel:322:14)
    at wrapModuleLoad (node:internal/modules/cjs/loader:234:24)
    at Module.require (node:internal/modules/cjs/loader:1480:12)
    at require (node:internal/modules/helpers:135:16)
    at Object.<anonymous> (/home/abdelrahman-aboalkhair/Projects/WEB/code/full-stack-ecommerce/server/src/graphql/v1/schema.ts:2:1)
    at Module._compile (node:internal/modules/cjs/loader:1723:14)
[2025-04-23T22:03:39.006Z] [31MERROR[39M: uncaughtException: тип Unable to compile TypeScript:
[96msrc/modules/product/graphql/resolver.ts[0m:[93m174[0m:[93m14[0m - [91merror[0m[90m TS2304: [0mCannot find name 'prisma'.

[7m174[0m       return prisma.restock.create({
[7m   [0m [91m             ~~~~~~[0m

TSError: тип Unable to compile TypeScript:
[96msrc/modules/product/graphql/resolver.ts[0m:[93m174[0m:[93m14[0m - [91merror[0m[90m TS2304: [0mCannot find name 'prisma'.

[7m174[0m       return prisma.restock.create({
[7m   [0m [91m             ~~~~~~[0m

    at createTSError (/home/abdelrahman-aboalkhair/Projects/WEB/code/full-stack-ecommerce/server/node_modules/ts-node/src/index.ts:859:12)
    at reportTSError (/home/abdelrahman-aboalkhair/Projects/WEB/code/full-stack-ecommerce/server/node_modules/ts-node/src/index.ts:863:19)
    at getOutput (/home/abdelrahman-aboalkhair/Projects/WEB/code/full-stack-ecommerce/server/node_modules/ts-node/src/index.ts:1077:36)
    at Object.compile (/home/abdelrahman-aboalkhair/Projects/WEB/code/full-stack-ecommerce/server/node_modules/ts-node/src/index.ts:1433:41)
    at Module.m._compile (/home/abdelrahman-aboalkhair/Projects/WEB/code/full-stack-ecommerce/server/node_modules/ts-node/src/index.ts:1617:30)
    at loadTS (node:internal/modules/cjs/loader:1815:10)
    at Object.require.extensions.<computed> [as .ts] (/home/abdelrahman-aboalkhair/Projects/WEB/code/full-stack-ecommerce/server/node_modules/ts-node/src/index.ts:1621:12)
    at Module.load (node:internal/modules/cjs/loader:1458:32)
    at Function._load (node:internal/modules/cjs/loader:1275:12)
    at TracingChannel.traceSync (node:diagnostics_channel:322:14)
    at wrapModuleLoad (node:internal/modules/cjs/loader:234:24)
    at Module.require (node:internal/modules/cjs/loader:1480:12)
    at require (node:internal/modules/helpers:135:16)
    at Object.<anonymous> (/home/abdelrahman-aboalkhair/Projects/WEB/code/full-stack-ecommerce/server/src/modules/product/graphql/schema.ts:3:1)
    at Module._compile (node:internal/modules/cjs/loader:1723:14)
    at Module.m._compile (/home/abdelrahman-aboalkhair/Projects/WEB/code/full-stack-ecommerce/server/node_modules/ts-node/src/index.ts:1618:23)
[2025-04-23T22:04:16.629Z] [31MERROR[39M: uncaughtException: Query.createRestock defined in resolvers, but not in schema
Error: Query.createRestock defined in resolvers, but not in schema
    at addResolversToSchema (/home/abdelrahman-aboalkhair/Projects/WEB/code/full-stack-ecommerce/server/node_modules/@graphql-tools/schema/cjs/addResolversToSchema.js:83:39)
    at makeExecutableSchema (/home/abdelrahman-aboalkhair/Projects/WEB/code/full-stack-ecommerce/server/node_modules/@graphql-tools/schema/cjs/makeExecutableSchema.js:76:65)
    at Object.<anonymous> (/home/abdelrahman-aboalkhair/Projects/WEB/code/full-stack-ecommerce/server/src/modules/product/graphql/schema.ts:102:50)
    at Module._compile (node:internal/modules/cjs/loader:1723:14)
    at Module.m._compile (/home/abdelrahman-aboalkhair/Projects/WEB/code/full-stack-ecommerce/server/node_modules/ts-node/src/index.ts:1618:23)
    at loadTS (node:internal/modules/cjs/loader:1815:10)
    at Object.require.extensions.<computed> [as .ts] (/home/abdelrahman-aboalkhair/Projects/WEB/code/full-stack-ecommerce/server/node_modules/ts-node/src/index.ts:1621:12)
    at Module.load (node:internal/modules/cjs/loader:1458:32)
    at Function._load (node:internal/modules/cjs/loader:1275:12)
    at TracingChannel.traceSync (node:diagnostics_channel:322:14)
    at wrapModuleLoad (node:internal/modules/cjs/loader:234:24)
    at Module.require (node:internal/modules/cjs/loader:1480:12)
    at require (node:internal/modules/helpers:135:16)
    at Object.<anonymous> (/home/abdelrahman-aboalkhair/Projects/WEB/code/full-stack-ecommerce/server/src/graphql/v1/schema.ts:2:1)
    at Module._compile (node:internal/modules/cjs/loader:1723:14)
    at Module.m._compile (/home/abdelrahman-aboalkhair/Projects/WEB/code/full-stack-ecommerce/server/node_modules/ts-node/src/index.ts:1618:23)
[2025-04-23T22:04:39.695Z] [31MERROR[39M: uncaughtException: тип Unable to compile TypeScript:
[96msrc/modules/product/graphql/resolver.ts[0m:[93m183[0m:[93m14[0m - [91merror[0m[90m TS2304: [0mCannot find name 'prisma'.

[7m183[0m       return prisma.product.update({
[7m   [0m [91m             ~~~~~~[0m
[96msrc/modules/product/graphql/resolver.ts[0m:[93m195[0m:[93m14[0m - [91merror[0m[90m TS2304: [0mCannot find name 'prisma'.

[7m195[0m       return prisma.stockMovement.create({
[7m   [0m [91m             ~~~~~~[0m
[96msrc/modules/product/graphql/resolver.ts[0m:[93m189[0m:[93m5[0m - [91merror[0m[90m TS1005: [0m',' expected.

[7m189[0m     async createStockMovement(data: {
[7m   [0m [91m    ~~~~~[0m

TSError: тип Unable to compile TypeScript:
[96msrc/modules/product/graphql/resolver.ts[0m:[93m183[0m:[93m14[0m - [91merror[0m[90m TS2304: [0mCannot find name 'prisma'.

[7m183[0m       return prisma.product.update({
[7m   [0m [91m             ~~~~~~[0m
[96msrc/modules/product/graphql/resolver.ts[0m:[93m195[0m:[93m14[0m - [91merror[0m[90m TS2304: [0mCannot find name 'prisma'.

[7m195[0m       return prisma.stockMovement.create({
[7m   [0m [91m             ~~~~~~[0m
[96msrc/modules/product/graphql/resolver.ts[0m:[93m189[0m:[93m5[0m - [91merror[0m[90m TS1005: [0m',' expected.

[7m189[0m     async createStockMovement(data: {
[7m   [0m [91m    ~~~~~[0m

    at createTSError (/home/abdelrahman-aboalkhair/Projects/WEB/code/full-stack-ecommerce/server/node_modules/ts-node/src/index.ts:859:12)
    at reportTSError (/home/abdelrahman-aboalkhair/Projects/WEB/code/full-stack-ecommerce/server/node_modules/ts-node/src/index.ts:863:19)
    at getOutput (/home/abdelrahman-aboalkhair/Projects/WEB/code/full-stack-ecommerce/server/node_modules/ts-node/src/index.ts:1077:36)
    at Object.compile (/home/abdelrahman-aboalkhair/Projects/WEB/code/full-stack-ecommerce/server/node_modules/ts-node/src/index.ts:1433:41)
    at Module.m._compile (/home/abdelrahman-aboalkhair/Projects/WEB/code/full-stack-ecommerce/server/node_modules/ts-node/src/index.ts:1617:30)
    at loadTS (node:internal/modules/cjs/loader:1815:10)
    at Object.require.extensions.<computed> [as .ts] (/home/abdelrahman-aboalkhair/Projects/WEB/code/full-stack-ecommerce/server/node_modules/ts-node/src/index.ts:1621:12)
    at Module.load (node:internal/modules/cjs/loader:1458:32)
    at Function._load (node:internal/modules/cjs/loader:1275:12)
    at TracingChannel.traceSync (node:diagnostics_channel:322:14)
    at wrapModuleLoad (node:internal/modules/cjs/loader:234:24)
    at Module.require (node:internal/modules/cjs/loader:1480:12)
    at require (node:internal/modules/helpers:135:16)
    at Object.<anonymous> (/home/abdelrahman-aboalkhair/Projects/WEB/code/full-stack-ecommerce/server/src/modules/product/graphql/schema.ts:3:1)
    at Module._compile (node:internal/modules/cjs/loader:1723:14)
    at Module.m._compile (/home/abdelrahman-aboalkhair/Projects/WEB/code/full-stack-ecommerce/server/node_modules/ts-node/src/index.ts:1618:23)
[2025-04-23T22:05:04.307Z] [31MERROR[39M: uncaughtException: Query.createRestock defined in resolvers, but not in schema
Error: Query.createRestock defined in resolvers, but not in schema
    at addResolversToSchema (/home/abdelrahman-aboalkhair/Projects/WEB/code/full-stack-ecommerce/server/node_modules/@graphql-tools/schema/cjs/addResolversToSchema.js:83:39)
    at makeExecutableSchema (/home/abdelrahman-aboalkhair/Projects/WEB/code/full-stack-ecommerce/server/node_modules/@graphql-tools/schema/cjs/makeExecutableSchema.js:76:65)
    at Object.<anonymous> (/home/abdelrahman-aboalkhair/Projects/WEB/code/full-stack-ecommerce/server/src/modules/product/graphql/schema.ts:102:50)
    at Module._compile (node:internal/modules/cjs/loader:1723:14)
    at Module.m._compile (/home/abdelrahman-aboalkhair/Projects/WEB/code/full-stack-ecommerce/server/node_modules/ts-node/src/index.ts:1618:23)
    at loadTS (node:internal/modules/cjs/loader:1815:10)
    at Object.require.extensions.<computed> [as .ts] (/home/abdelrahman-aboalkhair/Projects/WEB/code/full-stack-ecommerce/server/node_modules/ts-node/src/index.ts:1621:12)
    at Module.load (node:internal/modules/cjs/loader:1458:32)
    at Function._load (node:internal/modules/cjs/loader:1275:12)
    at TracingChannel.traceSync (node:diagnostics_channel:322:14)
    at wrapModuleLoad (node:internal/modules/cjs/loader:234:24)
    at Module.require (node:internal/modules/cjs/loader:1480:12)
    at require (node:internal/modules/helpers:135:16)
    at Object.<anonymous> (/home/abdelrahman-aboalkhair/Projects/WEB/code/full-stack-ecommerce/server/src/graphql/v1/schema.ts:2:1)
    at Module._compile (node:internal/modules/cjs/loader:1723:14)
    at Module.m._compile (/home/abdelrahman-aboalkhair/Projects/WEB/code/full-stack-ecommerce/server/node_modules/ts-node/src/index.ts:1618:23)
[2025-04-23T22:05:25.492Z] [31MERROR[39M: uncaughtException: Query.createRestock defined in resolvers, but not in schema
Error: Query.createRestock defined in resolvers, but not in schema
    at addResolversToSchema (/home/abdelrahman-aboalkhair/Projects/WEB/code/full-stack-ecommerce/server/node_modules/@graphql-tools/schema/cjs/addResolversToSchema.js:83:39)
    at makeExecutableSchema (/home/abdelrahman-aboalkhair/Projects/WEB/code/full-stack-ecommerce/server/node_modules/@graphql-tools/schema/cjs/makeExecutableSchema.js:76:65)
    at Object.<anonymous> (/home/abdelrahman-aboalkhair/Projects/WEB/code/full-stack-ecommerce/server/src/modules/product/graphql/schema.ts:102:50)
    at Module._compile (node:internal/modules/cjs/loader:1723:14)
    at Module.m._compile (/home/abdelrahman-aboalkhair/Projects/WEB/code/full-stack-ecommerce/server/node_modules/ts-node/src/index.ts:1618:23)
    at loadTS (node:internal/modules/cjs/loader:1815:10)
    at Object.require.extensions.<computed> [as .ts] (/home/abdelrahman-aboalkhair/Projects/WEB/code/full-stack-ecommerce/server/node_modules/ts-node/src/index.ts:1621:12)
    at Module.load (node:internal/modules/cjs/loader:1458:32)
    at Function._load (node:internal/modules/cjs/loader:1275:12)
    at TracingChannel.traceSync (node:diagnostics_channel:322:14)
    at wrapModuleLoad (node:internal/modules/cjs/loader:234:24)
    at Module.require (node:internal/modules/cjs/loader:1480:12)
    at require (node:internal/modules/helpers:135:16)
    at Object.<anonymous> (/home/abdelrahman-aboalkhair/Projects/WEB/code/full-stack-ecommerce/server/src/graphql/v1/schema.ts:2:1)
    at Module._compile (node:internal/modules/cjs/loader:1723:14)
    at Module.m._compile (/home/abdelrahman-aboalkhair/Projects/WEB/code/full-stack-ecommerce/server/node_modules/ts-node/src/index.ts:1618:23)
[2025-04-23T22:05:42.693Z] [31MERROR[39M: uncaughtException: Query.createRestock defined in resolvers, but not in schema
Error: Query.createRestock defined in resolvers, but not in schema
    at addResolversToSchema (/home/abdelrahman-aboalkhair/Projects/WEB/code/full-stack-ecommerce/server/node_modules/@graphql-tools/schema/cjs/addResolversToSchema.js:83:39)
    at makeExecutableSchema (/home/abdelrahman-aboalkhair/Projects/WEB/code/full-stack-ecommerce/server/node_modules/@graphql-tools/schema/cjs/makeExecutableSchema.js:76:65)
    at Object.<anonymous> (/home/abdelrahman-aboalkhair/Projects/WEB/code/full-stack-ecommerce/server/src/modules/product/graphql/schema.ts:102:50)
    at Module._compile (node:internal/modules/cjs/loader:1723:14)
    at Module.m._compile (/home/abdelrahman-aboalkhair/Projects/WEB/code/full-stack-ecommerce/server/node_modules/ts-node/src/index.ts:1618:23)
    at loadTS (node:internal/modules/cjs/loader:1815:10)
    at Object.require.extensions.<computed> [as .ts] (/home/abdelrahman-aboalkhair/Projects/WEB/code/full-stack-ecommerce/server/node_modules/ts-node/src/index.ts:1621:12)
    at Module.load (node:internal/modules/cjs/loader:1458:32)
    at Function._load (node:internal/modules/cjs/loader:1275:12)
    at TracingChannel.traceSync (node:diagnostics_channel:322:14)
    at wrapModuleLoad (node:internal/modules/cjs/loader:234:24)
    at Module.require (node:internal/modules/cjs/loader:1480:12)
    at require (node:internal/modules/helpers:135:16)
    at Object.<anonymous> (/home/abdelrahman-aboalkhair/Projects/WEB/code/full-stack-ecommerce/server/src/graphql/v1/schema.ts:2:1)
    at Module._compile (node:internal/modules/cjs/loader:1723:14)
    at Module.m._compile (/home/abdelrahman-aboalkhair/Projects/WEB/code/full-stack-ecommerce/server/node_modules/ts-node/src/index.ts:1618:23)
[2025-04-23T22:08:00.056Z] [31MERROR[39M: uncaughtException: тип Unable to compile TypeScript:
[96msrc/modules/product/product.repository.ts[0m:[93m69[0m:[93m9[0m - [91merror[0m[90m TS2393: [0mDuplicate function implementation.

[7m69[0m   async updateProductStock(productId: string, quantity: number) {
[7m  [0m [91m        ~~~~~~~~~~~~~~~~~~[0m
[96msrc/modules/product/product.repository.ts[0m:[93m87[0m:[93m9[0m - [91merror[0m[90m TS2393: [0mDuplicate function implementation.

[7m87[0m   async updateProductStock(id: string, stock: number) {
[7m  [0m [91m        ~~~~~~~~~~~~~~~~~~[0m

TSError: тип Unable to compile TypeScript:
[96msrc/modules/product/product.repository.ts[0m:[93m69[0m:[93m9[0m - [91merror[0m[90m TS2393: [0mDuplicate function implementation.

[7m69[0m   async updateProductStock(productId: string, quantity: number) {
[7m  [0m [91m        ~~~~~~~~~~~~~~~~~~[0m
[96msrc/modules/product/product.repository.ts[0m:[93m87[0m:[93m9[0m - [91merror[0m[90m TS2393: [0mDuplicate function implementation.

[7m87[0m   async updateProductStock(id: string, stock: number) {
[7m  [0m [91m        ~~~~~~~~~~~~~~~~~~[0m

    at createTSError (/home/abdelrahman-aboalkhair/Projects/WEB/code/full-stack-ecommerce/server/node_modules/ts-node/src/index.ts:859:12)
    at reportTSError (/home/abdelrahman-aboalkhair/Projects/WEB/code/full-stack-ecommerce/server/node_modules/ts-node/src/index.ts:863:19)
    at getOutput (/home/abdelrahman-aboalkhair/Projects/WEB/code/full-stack-ecommerce/server/node_modules/ts-node/src/index.ts:1077:36)
    at Object.compile (/home/abdelrahman-aboalkhair/Projects/WEB/code/full-stack-ecommerce/server/node_modules/ts-node/src/index.ts:1433:41)
    at Module.m._compile (/home/abdelrahman-aboalkhair/Projects/WEB/code/full-stack-ecommerce/server/node_modules/ts-node/src/index.ts:1617:30)
    at loadTS (node:internal/modules/cjs/loader:1815:10)
    at Object.require.extensions.<computed> [as .ts] (/home/abdelrahman-aboalkhair/Projects/WEB/code/full-stack-ecommerce/server/node_modules/ts-node/src/index.ts:1621:12)
    at Module.load (node:internal/modules/cjs/loader:1458:32)
    at Function._load (node:internal/modules/cjs/loader:1275:12)
    at TracingChannel.traceSync (node:diagnostics_channel:322:14)
[2025-04-23T22:08:21.202Z] [31MERROR[39M: uncaughtException: Query.createRestock defined in resolvers, but not in schema
Error: Query.createRestock defined in resolvers, but not in schema
    at addResolversToSchema (/home/abdelrahman-aboalkhair/Projects/WEB/code/full-stack-ecommerce/server/node_modules/@graphql-tools/schema/cjs/addResolversToSchema.js:83:39)
    at makeExecutableSchema (/home/abdelrahman-aboalkhair/Projects/WEB/code/full-stack-ecommerce/server/node_modules/@graphql-tools/schema/cjs/makeExecutableSchema.js:76:65)
    at Object.<anonymous> (/home/abdelrahman-aboalkhair/Projects/WEB/code/full-stack-ecommerce/server/src/modules/product/graphql/schema.ts:102:50)
    at Module._compile (node:internal/modules/cjs/loader:1723:14)
    at Module.m._compile (/home/abdelrahman-aboalkhair/Projects/WEB/code/full-stack-ecommerce/server/node_modules/ts-node/src/index.ts:1618:23)
    at loadTS (node:internal/modules/cjs/loader:1815:10)
    at Object.require.extensions.<computed> [as .ts] (/home/abdelrahman-aboalkhair/Projects/WEB/code/full-stack-ecommerce/server/node_modules/ts-node/src/index.ts:1621:12)
    at Module.load (node:internal/modules/cjs/loader:1458:32)
    at Function._load (node:internal/modules/cjs/loader:1275:12)
    at TracingChannel.traceSync (node:diagnostics_channel:322:14)
    at wrapModuleLoad (node:internal/modules/cjs/loader:234:24)
    at Module.require (node:internal/modules/cjs/loader:1480:12)
    at require (node:internal/modules/helpers:135:16)
    at Object.<anonymous> (/home/abdelrahman-aboalkhair/Projects/WEB/code/full-stack-ecommerce/server/src/graphql/v1/schema.ts:2:1)
    at Module._compile (node:internal/modules/cjs/loader:1723:14)
    at Module.m._compile (/home/abdelrahman-aboalkhair/Projects/WEB/code/full-stack-ecommerce/server/node_modules/ts-node/src/index.ts:1618:23)
[2025-04-23T22:08:56.845Z] [31MERROR[39M: uncaughtException: Query.createRestock defined in resolvers, but not in schema
Error: Query.createRestock defined in resolvers, but not in schema
    at addResolversToSchema (/home/abdelrahman-aboalkhair/Projects/WEB/code/full-stack-ecommerce/server/node_modules/@graphql-tools/schema/cjs/addResolversToSchema.js:83:39)
    at makeExecutableSchema (/home/abdelrahman-aboalkhair/Projects/WEB/code/full-stack-ecommerce/server/node_modules/@graphql-tools/schema/cjs/makeExecutableSchema.js:76:65)
    at Object.<anonymous> (/home/abdelrahman-aboalkhair/Projects/WEB/code/full-stack-ecommerce/server/src/modules/product/graphql/schema.ts:102:50)
    at Module._compile (node:internal/modules/cjs/loader:1723:14)
    at Module.m._compile (/home/abdelrahman-aboalkhair/Projects/WEB/code/full-stack-ecommerce/server/node_modules/ts-node/src/index.ts:1618:23)
    at loadTS (node:internal/modules/cjs/loader:1815:10)
    at Object.require.extensions.<computed> [as .ts] (/home/abdelrahman-aboalkhair/Projects/WEB/code/full-stack-ecommerce/server/node_modules/ts-node/src/index.ts:1621:12)
    at Module.load (node:internal/modules/cjs/loader:1458:32)
    at Function._load (node:internal/modules/cjs/loader:1275:12)
    at TracingChannel.traceSync (node:diagnostics_channel:322:14)
    at wrapModuleLoad (node:internal/modules/cjs/loader:234:24)
    at Module.require (node:internal/modules/cjs/loader:1480:12)
    at require (node:internal/modules/helpers:135:16)
    at Object.<anonymous> (/home/abdelrahman-aboalkhair/Projects/WEB/code/full-stack-ecommerce/server/src/graphql/v1/schema.ts:2:1)
    at Module._compile (node:internal/modules/cjs/loader:1723:14)
    at Module.m._compile (/home/abdelrahman-aboalkhair/Projects/WEB/code/full-stack-ecommerce/server/node_modules/ts-node/src/index.ts:1618:23)
[2025-04-24T21:57:11.917Z] [31MERROR[39M: uncaughtException: тип Unable to compile TypeScript:
[96msrc/modules/chat/chat.routes.ts[0m:[93m7[0m:[93m24[0m - [91merror[0m[90m TS2554: [0mExpected 1 arguments, but got 0.

[7m7[0m const chatController = makeChatController();
[7m [0m [91m                       ~~~~~~~~~~~~~~~~~~[0m

  [96msrc/modules/chat/chat.factory.ts[0m:[93m6[0m:[93m36[0m
    [7m6[0m export const makeChatController = (io: SocketIOServer) => {
    [7m [0m [96m                                   ~~~~~~~~~~~~~~~~~~[0m
    An argument for 'io' was not provided.

TSError: тип Unable to compile TypeScript:
[96msrc/modules/chat/chat.routes.ts[0m:[93m7[0m:[93m24[0m - [91merror[0m[90m TS2554: [0mExpected 1 arguments, but got 0.

[7m7[0m const chatController = makeChatController();
[7m [0m [91m                       ~~~~~~~~~~~~~~~~~~[0m

  [96msrc/modules/chat/chat.factory.ts[0m:[93m6[0m:[93m36[0m
    [7m6[0m export const makeChatController = (io: SocketIOServer) => {
    [7m [0m [96m                                   ~~~~~~~~~~~~~~~~~~[0m
    An argument for 'io' was not provided.

    at createTSError (/home/abdelrahman-aboalkhair/Projects/WEB/code/b2c-ecommerce/server/node_modules/ts-node/src/index.ts:859:12)
    at reportTSError (/home/abdelrahman-aboalkhair/Projects/WEB/code/b2c-ecommerce/server/node_modules/ts-node/src/index.ts:863:19)
    at getOutput (/home/abdelrahman-aboalkhair/Projects/WEB/code/b2c-ecommerce/server/node_modules/ts-node/src/index.ts:1077:36)
    at Object.compile (/home/abdelrahman-aboalkhair/Projects/WEB/code/b2c-ecommerce/server/node_modules/ts-node/src/index.ts:1433:41)
    at Module.m._compile (/home/abdelrahman-aboalkhair/Projects/WEB/code/b2c-ecommerce/server/node_modules/ts-node/src/index.ts:1617:30)
    at loadTS (node:internal/modules/cjs/loader:1815:10)
    at Object.require.extensions.<computed> [as .ts] (/home/abdelrahman-aboalkhair/Projects/WEB/code/b2c-ecommerce/server/node_modules/ts-node/src/index.ts:1621:12)
    at Module.load (node:internal/modules/cjs/loader:1458:32)
    at Function._load (node:internal/modules/cjs/loader:1275:12)
    at TracingChannel.traceSync (node:diagnostics_channel:322:14)
    at wrapModuleLoad (node:internal/modules/cjs/loader:234:24)
    at Module.require (node:internal/modules/cjs/loader:1480:12)
    at require (node:internal/modules/helpers:135:16)
    at Object.<anonymous> (/home/abdelrahman-aboalkhair/Projects/WEB/code/b2c-ecommerce/server/src/routes/v1/index.ts:18:1)
    at Module._compile (node:internal/modules/cjs/loader:1723:14)
    at Module.m._compile (/home/abdelrahman-aboalkhair/Projects/WEB/code/b2c-ecommerce/server/node_modules/ts-node/src/index.ts:1618:23)
[2025-04-24T22:01:04.562Z] [31MERROR[39M: uncaughtException: тип Unable to compile TypeScript:
[96msrc/routes/v1/index.ts[0m:[93m18[0m:[93m8[0m - [91merror[0m[90m TS1192: [0mModule '"/home/abdelrahman-aboalkhair/Projects/WEB/code/b2c-ecommerce/server/src/modules/chat/chat.routes"' has no default export.

[7m18[0m import chatRoutes from "@/modules/chat/chat.routes";
[7m  [0m [91m       ~~~~~~~~~~[0m

TSError: тип Unable to compile TypeScript:
[96msrc/routes/v1/index.ts[0m:[93m18[0m:[93m8[0m - [91merror[0m[90m TS1192: [0mModule '"/home/abdelrahman-aboalkhair/Projects/WEB/code/b2c-ecommerce/server/src/modules/chat/chat.routes"' has no default export.

[7m18[0m import chatRoutes from "@/modules/chat/chat.routes";
[7m  [0m [91m       ~~~~~~~~~~[0m

    at createTSError (/home/abdelrahman-aboalkhair/Projects/WEB/code/b2c-ecommerce/server/node_modules/ts-node/src/index.ts:859:12)
    at reportTSError (/home/abdelrahman-aboalkhair/Projects/WEB/code/b2c-ecommerce/server/node_modules/ts-node/src/index.ts:863:19)
    at getOutput (/home/abdelrahman-aboalkhair/Projects/WEB/code/b2c-ecommerce/server/node_modules/ts-node/src/index.ts:1077:36)
    at Object.compile (/home/abdelrahman-aboalkhair/Projects/WEB/code/b2c-ecommerce/server/node_modules/ts-node/src/index.ts:1433:41)
    at Module.m._compile (/home/abdelrahman-aboalkhair/Projects/WEB/code/b2c-ecommerce/server/node_modules/ts-node/src/index.ts:1617:30)
    at loadTS (node:internal/modules/cjs/loader:1815:10)
    at Object.require.extensions.<computed> [as .ts] (/home/abdelrahman-aboalkhair/Projects/WEB/code/b2c-ecommerce/server/node_modules/ts-node/src/index.ts:1621:12)
    at Module.load (node:internal/modules/cjs/loader:1458:32)
    at Function._load (node:internal/modules/cjs/loader:1275:12)
    at TracingChannel.traceSync (node:diagnostics_channel:322:14)
[2025-04-24T22:01:25.676Z] [31MERROR[39M: uncaughtException: тип Unable to compile TypeScript:
[96msrc/routes/index.ts[0m:[93m2[0m:[93m8[0m - [91merror[0m[90m TS1192: [0mModule '"/home/abdelrahman-aboalkhair/Projects/WEB/code/b2c-ecommerce/server/src/routes/v1/index"' has no default export.

[7m2[0m import v1Routes from "./v1";
[7m [0m [91m       ~~~~~~~~[0m

TSError: тип Unable to compile TypeScript:
[96msrc/routes/index.ts[0m:[93m2[0m:[93m8[0m - [91merror[0m[90m TS1192: [0mModule '"/home/abdelrahman-aboalkhair/Projects/WEB/code/b2c-ecommerce/server/src/routes/v1/index"' has no default export.

[7m2[0m import v1Routes from "./v1";
[7m [0m [91m       ~~~~~~~~[0m

    at createTSError (/home/abdelrahman-aboalkhair/Projects/WEB/code/b2c-ecommerce/server/node_modules/ts-node/src/index.ts:859:12)
    at reportTSError (/home/abdelrahman-aboalkhair/Projects/WEB/code/b2c-ecommerce/server/node_modules/ts-node/src/index.ts:863:19)
    at getOutput (/home/abdelrahman-aboalkhair/Projects/WEB/code/b2c-ecommerce/server/node_modules/ts-node/src/index.ts:1077:36)
    at Object.compile (/home/abdelrahman-aboalkhair/Projects/WEB/code/b2c-ecommerce/server/node_modules/ts-node/src/index.ts:1433:41)
    at Module.m._compile (/home/abdelrahman-aboalkhair/Projects/WEB/code/b2c-ecommerce/server/node_modules/ts-node/src/index.ts:1617:30)
    at loadTS (node:internal/modules/cjs/loader:1815:10)
    at Object.require.extensions.<computed> [as .ts] (/home/abdelrahman-aboalkhair/Projects/WEB/code/b2c-ecommerce/server/node_modules/ts-node/src/index.ts:1621:12)
    at Module.load (node:internal/modules/cjs/loader:1458:32)
    at Function._load (node:internal/modules/cjs/loader:1275:12)
    at TracingChannel.traceSync (node:diagnostics_channel:322:14)
[2025-04-24T22:01:40.267Z] [31MERROR[39M: uncaughtException: тип Unable to compile TypeScript:
[96msrc/routes/index.ts[0m:[93m2[0m:[93m8[0m - [91merror[0m[90m TS1192: [0mModule '"/home/abdelrahman-aboalkhair/Projects/WEB/code/b2c-ecommerce/server/src/routes/v1/index"' has no default export.

[7m2[0m import v1Routes from "./v1";
[7m [0m [91m       ~~~~~~~~[0m

TSError: тип Unable to compile TypeScript:
[96msrc/routes/index.ts[0m:[93m2[0m:[93m8[0m - [91merror[0m[90m TS1192: [0mModule '"/home/abdelrahman-aboalkhair/Projects/WEB/code/b2c-ecommerce/server/src/routes/v1/index"' has no default export.

[7m2[0m import v1Routes from "./v1";
[7m [0m [91m       ~~~~~~~~[0m

    at createTSError (/home/abdelrahman-aboalkhair/Projects/WEB/code/b2c-ecommerce/server/node_modules/ts-node/src/index.ts:859:12)
    at reportTSError (/home/abdelrahman-aboalkhair/Projects/WEB/code/b2c-ecommerce/server/node_modules/ts-node/src/index.ts:863:19)
    at getOutput (/home/abdelrahman-aboalkhair/Projects/WEB/code/b2c-ecommerce/server/node_modules/ts-node/src/index.ts:1077:36)
    at Object.compile (/home/abdelrahman-aboalkhair/Projects/WEB/code/b2c-ecommerce/server/node_modules/ts-node/src/index.ts:1433:41)
    at Module.m._compile (/home/abdelrahman-aboalkhair/Projects/WEB/code/b2c-ecommerce/server/node_modules/ts-node/src/index.ts:1617:30)
    at loadTS (node:internal/modules/cjs/loader:1815:10)
    at Object.require.extensions.<computed> [as .ts] (/home/abdelrahman-aboalkhair/Projects/WEB/code/b2c-ecommerce/server/node_modules/ts-node/src/index.ts:1621:12)
    at Module.load (node:internal/modules/cjs/loader:1458:32)
    at Function._load (node:internal/modules/cjs/loader:1275:12)
    at TracingChannel.traceSync (node:diagnostics_channel:322:14)
[2025-04-24T22:50:14.078Z] [31MERROR[39M: uncaughtException: тип Unable to compile TypeScript:
[96msrc/modules/chat/chat.controller.ts[0m:[93m35[0m:[93m42[0m - [91merror[0m[90m TS2339: [0mProperty 'getUserChats' does not exist on type 'ChatService'.

[7m35[0m     const chats = await this.chatService.getUserChats(userId);
[7m  [0m [91m                                         ~~~~~~~~~~~~[0m

TSError: тип Unable to compile TypeScript:
[96msrc/modules/chat/chat.controller.ts[0m:[93m35[0m:[93m42[0m - [91merror[0m[90m TS2339: [0mProperty 'getUserChats' does not exist on type 'ChatService'.

[7m35[0m     const chats = await this.chatService.getUserChats(userId);
[7m  [0m [91m                                         ~~~~~~~~~~~~[0m

    at createTSError (/home/abdelrahman-aboalkhair/Projects/WEB/code/b2c-ecommerce/server/node_modules/ts-node/src/index.ts:859:12)
    at reportTSError (/home/abdelrahman-aboalkhair/Projects/WEB/code/b2c-ecommerce/server/node_modules/ts-node/src/index.ts:863:19)
    at getOutput (/home/abdelrahman-aboalkhair/Projects/WEB/code/b2c-ecommerce/server/node_modules/ts-node/src/index.ts:1077:36)
    at Object.compile (/home/abdelrahman-aboalkhair/Projects/WEB/code/b2c-ecommerce/server/node_modules/ts-node/src/index.ts:1433:41)
    at Module.m._compile (/home/abdelrahman-aboalkhair/Projects/WEB/code/b2c-ecommerce/server/node_modules/ts-node/src/index.ts:1617:30)
    at loadTS (node:internal/modules/cjs/loader:1815:10)
    at Object.require.extensions.<computed> [as .ts] (/home/abdelrahman-aboalkhair/Projects/WEB/code/b2c-ecommerce/server/node_modules/ts-node/src/index.ts:1621:12)
    at Module.load (node:internal/modules/cjs/loader:1458:32)
    at Function._load (node:internal/modules/cjs/loader:1275:12)
    at TracingChannel.traceSync (node:diagnostics_channel:322:14)
    at wrapModuleLoad (node:internal/modules/cjs/loader:234:24)
    at Module.require (node:internal/modules/cjs/loader:1480:12)
    at require (node:internal/modules/helpers:135:16)
    at Object.<anonymous> (/home/abdelrahman-aboalkhair/Projects/WEB/code/b2c-ecommerce/server/src/modules/chat/chat.factory.ts:2:1)
    at Module._compile (node:internal/modules/cjs/loader:1723:14)
    at Module.m._compile (/home/abdelrahman-aboalkhair/Projects/WEB/code/b2c-ecommerce/server/node_modules/ts-node/src/index.ts:1618:23)
[2025-04-24T22:50:43.300Z] [31MERROR[39M: uncaughtException: тип Unable to compile TypeScript:
[96msrc/modules/chat/chat.controller.ts[0m:[93m35[0m:[93m42[0m - [91merror[0m[90m TS2339: [0mProperty 'getUserChats' does not exist on type 'ChatService'.

[7m35[0m     const chats = await this.chatService.getUserChats(userId);
[7m  [0m [91m                                         ~~~~~~~~~~~~[0m

TSError: тип Unable to compile TypeScript:
[96msrc/modules/chat/chat.controller.ts[0m:[93m35[0m:[93m42[0m - [91merror[0m[90m TS2339: [0mProperty 'getUserChats' does not exist on type 'ChatService'.

[7m35[0m     const chats = await this.chatService.getUserChats(userId);
[7m  [0m [91m                                         ~~~~~~~~~~~~[0m

    at createTSError (/home/abdelrahman-aboalkhair/Projects/WEB/code/b2c-ecommerce/server/node_modules/ts-node/src/index.ts:859:12)
    at reportTSError (/home/abdelrahman-aboalkhair/Projects/WEB/code/b2c-ecommerce/server/node_modules/ts-node/src/index.ts:863:19)
    at getOutput (/home/abdelrahman-aboalkhair/Projects/WEB/code/b2c-ecommerce/server/node_modules/ts-node/src/index.ts:1077:36)
    at Object.compile (/home/abdelrahman-aboalkhair/Projects/WEB/code/b2c-ecommerce/server/node_modules/ts-node/src/index.ts:1433:41)
    at Module.m._compile (/home/abdelrahman-aboalkhair/Projects/WEB/code/b2c-ecommerce/server/node_modules/ts-node/src/index.ts:1617:30)
    at loadTS (node:internal/modules/cjs/loader:1815:10)
    at Object.require.extensions.<computed> [as .ts] (/home/abdelrahman-aboalkhair/Projects/WEB/code/b2c-ecommerce/server/node_modules/ts-node/src/index.ts:1621:12)
    at Module.load (node:internal/modules/cjs/loader:1458:32)
    at Function._load (node:internal/modules/cjs/loader:1275:12)
    at TracingChannel.traceSync (node:diagnostics_channel:322:14)
    at wrapModuleLoad (node:internal/modules/cjs/loader:234:24)
    at Module.require (node:internal/modules/cjs/loader:1480:12)
    at require (node:internal/modules/helpers:135:16)
    at Object.<anonymous> (/home/abdelrahman-aboalkhair/Projects/WEB/code/b2c-ecommerce/server/src/modules/chat/chat.factory.ts:2:1)
    at Module._compile (node:internal/modules/cjs/loader:1723:14)
    at Module.m._compile (/home/abdelrahman-aboalkhair/Projects/WEB/code/b2c-ecommerce/server/node_modules/ts-node/src/index.ts:1618:23)
