[2025-04-09T05:03:17.702Z] [31MERROR[39M: uncaughtException: тип Unable to compile TypeScript:
[96msrc/services/dashboardService.ts[0m:[93m262[0m:[93m31[0m - [91merror[0m[90m TS2339: [0mProperty 'id' does not exist on type '{ price: number; sku: string | null; }'.

[7m262[0m           id: productDetails?.id,
[7m   [0m [91m                              ~~[0m

TSError: тип Unable to compile TypeScript:
[96msrc/services/dashboardService.ts[0m:[93m262[0m:[93m31[0m - [91merror[0m[90m TS2339: [0mProperty 'id' does not exist on type '{ price: number; sku: string | null; }'.

[7m262[0m           id: productDetails?.id,
[7m   [0m [91m                              ~~[0m

    at createTSError (/home/abdelrahman-aboalkhair/Projects/WEB/code/full-stack-ecommerce/server/node_modules/ts-node/src/index.ts:859:12)
    at reportTSError (/home/abdelrahman-aboalkhair/Projects/WEB/code/full-stack-ecommerce/server/node_modules/ts-node/src/index.ts:863:19)
    at getOutput (/home/abdelrahman-aboalkhair/Projects/WEB/code/full-stack-ecommerce/server/node_modules/ts-node/src/index.ts:1077:36)
    at Object.compile (/home/abdelrahman-aboalkhair/Projects/WEB/code/full-stack-ecommerce/server/node_modules/ts-node/src/index.ts:1433:41)
    at Module.m._compile (/home/abdelrahman-aboalkhair/Projects/WEB/code/full-stack-ecommerce/server/node_modules/ts-node/src/index.ts:1617:30)
    at loadTS (node:internal/modules/cjs/loader:1815:10)
    at Object.require.extensions.<computed> [as .ts] (/home/abdelrahman-aboalkhair/Projects/WEB/code/full-stack-ecommerce/server/node_modules/ts-node/src/index.ts:1621:12)
    at Module.load (node:internal/modules/cjs/loader:1458:32)
    at Function._load (node:internal/modules/cjs/loader:1275:12)
    at TracingChannel.traceSync (node:diagnostics_channel:322:14)
